<?xml version="1.0" encoding="UTF-8"?>
<testsuite name="Reto Bancolombia" tests="1" skipped="0" failures="0" errors="0" timestamp="2020-07-30T22:30:30" hostname="CHBOGPF1LYCC6" time="33.539">
  <properties/>
  <testcase name="Ingresar a Tocumen" classname="Reto Bancolombia" time="33.539"/>
  <system-out><![CDATA[]]></system-out>
  <system-err><![CDATA[jul 30, 2020 5:30:30 PM org.openqa.selenium.remote.DesiredCapabilities chrome
INFORMACIÓN: Using `new ChromeOptions()` is preferred to `DesiredCapabilities.chrome()`
[Test worker] INFO net.serenitybdd.core.webdriver.driverproviders.ProvideNewDriver - Instantiating driver
[Test worker] INFO net.serenitybdd.core.webdriver.driverproviders.ProvideNewDriver - Driver capabilities: Capabilities {acceptInsecureCerts: false, browserName: chrome, chrome.switches: --start-maximized, goog:chromeOptions: {args: [--start-maximized, --enable-automation, --test-type], extensions: []}, platform: ANY, version: }
Starting ChromeDriver 83.0.4103.39 (ccbf011cb2d2b19b506d844400483861342c20cd-refs/branch-heads/4103@{#416}) on port 21860
Only local connections are allowed.
Please see https://chromedriver.chromium.org/security-considerations for suggestions on keeping ChromeDriver safe.
ChromeDriver was started successfully.
[1596148242.153][WARNING]: This version of ChromeDriver has not been tested with Chrome version 84.
jul 30, 2020 5:30:44 PM org.openqa.selenium.remote.ProtocolHandshake createSession
INFORMACIÓN: Detected dialect: W3C
[Test worker] INFO net.thucydides.core.steps.ConsoleLoggingListener - 
        __    _____ _____ ____ _____   ____   _    ____  ____  _____ ____  
  _     \ \  |_   _| ____/ ___|_   _| |  _ \ / \  / ___|/ ___|| ____|  _ \ 
 (_)_____| |   | | |  _| \___ \ | |   | |_) / _ \ \___ \\___ \|  _| | | | |
  _|_____| |   | | | |___ ___) || |   |  __/ ___ \ ___) |___) | |___| |_| |
 (_)     | |   |_| |_____|____/ |_|   |_| /_/   \_\____/|____/|_____|____/ 
        /_/                                                                

TEST PASSED: Ingresar a Tocumen
----------------------------------------------------------------------------
]]></system-err>
</testsuite>
